{"D:\\PORTOFOLIO\\courses\\fullstack-university-of-helsinki\\part2\\notes\\src\\App.jsx": {"path":"D:\\PORTOFOLIO\\courses\\fullstack-university-of-helsinki\\part2\\notes\\src\\App.jsx","statementMap":{"0":{"start":{"line":12,"column":12},"end":{"line":154,"column":1}},"1":{"start":{"line":13,"column":28},"end":{"line":13,"column":40}},"2":{"start":{"line":14,"column":32},"end":{"line":14,"column":46}},"3":{"start":{"line":15,"column":42},"end":{"line":15,"column":56}},"4":{"start":{"line":16,"column":34},"end":{"line":16,"column":46}},"5":{"start":{"line":17,"column":34},"end":{"line":17,"column":46}},"6":{"start":{"line":18,"column":26},"end":{"line":18,"column":40}},"7":{"start":{"line":19,"column":22},"end":{"line":19,"column":30}},"8":{"start":{"line":21,"column":2},"end":{"line":29,"column":9}},"9":{"start":{"line":22,"column":4},"end":{"line":28,"column":9}},"10":{"start":{"line":24,"column":8},"end":{"line":24,"column":31}},"11":{"start":{"line":27,"column":8},"end":{"line":27,"column":55}},"12":{"start":{"line":31,"column":2},"end":{"line":38,"column":9}},"13":{"start":{"line":32,"column":27},"end":{"line":32,"column":75}},"14":{"start":{"line":33,"column":4},"end":{"line":37,"column":5}},"15":{"start":{"line":34,"column":19},"end":{"line":34,"column":45}},"16":{"start":{"line":35,"column":6},"end":{"line":35,"column":20}},"17":{"start":{"line":36,"column":6},"end":{"line":36,"column":39}},"18":{"start":{"line":40,"column":18},"end":{"line":57,"column":3}},"19":{"start":{"line":41,"column":4},"end":{"line":56,"column":5}},"20":{"start":{"line":42,"column":27},"end":{"line":42,"column":63}},"21":{"start":{"line":43,"column":6},"end":{"line":43,"column":43}},"22":{"start":{"line":44,"column":6},"end":{"line":44,"column":45}},"23":{"start":{"line":47,"column":6},"end":{"line":47,"column":58}},"24":{"start":{"line":48,"column":6},"end":{"line":52,"column":8}},"25":{"start":{"line":53,"column":6},"end":{"line":55,"column":15}},"26":{"start":{"line":54,"column":8},"end":{"line":54,"column":30}},"27":{"start":{"line":59,"column":29},"end":{"line":71,"column":3}},"28":{"start":{"line":60,"column":17},"end":{"line":60,"column":47}},"29":{"start":{"line":60,"column":35},"end":{"line":60,"column":46}},"30":{"start":{"line":61,"column":24},"end":{"line":61,"column":63}},"31":{"start":{"line":62,"column":4},"end":{"line":70,"column":5}},"32":{"start":{"line":63,"column":27},"end":{"line":63,"column":68}},"33":{"start":{"line":64,"column":6},"end":{"line":64,"column":76}},"34":{"start":{"line":64,"column":36},"end":{"line":64,"column":72}},"35":{"start":{"line":66,"column":6},"end":{"line":66,"column":80}},"36":{"start":{"line":67,"column":6},"end":{"line":69,"column":15}},"37":{"start":{"line":68,"column":8},"end":{"line":68,"column":30}},"38":{"start":{"line":73,"column":22},"end":{"line":91,"column":3}},"39":{"start":{"line":74,"column":4},"end":{"line":74,"column":27}},"40":{"start":{"line":76,"column":4},"end":{"line":90,"column":5}},"41":{"start":{"line":77,"column":24},"end":{"line":77,"column":72}},"42":{"start":{"line":78,"column":6},"end":{"line":78,"column":29}},"43":{"start":{"line":79,"column":6},"end":{"line":82,"column":8}},"44":{"start":{"line":83,"column":6},"end":{"line":83,"column":44}},"45":{"start":{"line":84,"column":6},"end":{"line":84,"column":25}},"46":{"start":{"line":85,"column":6},"end":{"line":85,"column":22}},"47":{"start":{"line":86,"column":6},"end":{"line":86,"column":22}},"48":{"start":{"line":88,"column":6},"end":{"line":88,"column":43}},"49":{"start":{"line":89,"column":6},"end":{"line":89,"column":52}},"50":{"start":{"line":89,"column":23},"end":{"line":89,"column":44}},"51":{"start":{"line":93,"column":23},"end":{"line":96,"column":3}},"52":{"start":{"line":94,"column":4},"end":{"line":94,"column":32}},"53":{"start":{"line":95,"column":4},"end":{"line":95,"column":29}},"54":{"start":{"line":98,"column":20},"end":{"line":108,"column":3}},"55":{"start":{"line":99,"column":4},"end":{"line":107,"column":16}},"56":{"start":{"line":103,"column":46},"end":{"line":103,"column":71}},"57":{"start":{"line":104,"column":46},"end":{"line":104,"column":71}},"58":{"start":{"line":110,"column":19},"end":{"line":114,"column":3}},"59":{"start":{"line":111,"column":4},"end":{"line":113,"column":16}},"60":{"start":{"line":116,"column":22},"end":{"line":116,"column":78}},"61":{"start":{"line":116,"column":63},"end":{"line":116,"column":77}},"62":{"start":{"line":118,"column":2},"end":{"line":153,"column":4}},"63":{"start":{"line":138,"column":31},"end":{"line":138,"column":51}},"64":{"start":{"line":144,"column":10},"end":{"line":148,"column":12}},"65":{"start":{"line":147,"column":36},"end":{"line":147,"column":63}}},"fnMap":{"0":{"name":"(anonymous_0)","decl":{"start":{"line":12,"column":12},"end":{"line":12,"column":13}},"loc":{"start":{"line":12,"column":18},"end":{"line":154,"column":1}},"line":12},"1":{"name":"(anonymous_1)","decl":{"start":{"line":21,"column":12},"end":{"line":21,"column":13}},"loc":{"start":{"line":21,"column":18},"end":{"line":29,"column":3}},"line":21},"2":{"name":"(anonymous_2)","decl":{"start":{"line":23,"column":12},"end":{"line":23,"column":13}},"loc":{"start":{"line":23,"column":30},"end":{"line":25,"column":7}},"line":23},"3":{"name":"(anonymous_3)","decl":{"start":{"line":26,"column":13},"end":{"line":26,"column":14}},"loc":{"start":{"line":26,"column":19},"end":{"line":28,"column":7}},"line":26},"4":{"name":"(anonymous_4)","decl":{"start":{"line":31,"column":12},"end":{"line":31,"column":13}},"loc":{"start":{"line":31,"column":18},"end":{"line":38,"column":3}},"line":31},"5":{"name":"(anonymous_5)","decl":{"start":{"line":40,"column":18},"end":{"line":40,"column":19}},"loc":{"start":{"line":40,"column":40},"end":{"line":57,"column":3}},"line":40},"6":{"name":"(anonymous_6)","decl":{"start":{"line":53,"column":17},"end":{"line":53,"column":18}},"loc":{"start":{"line":53,"column":23},"end":{"line":55,"column":7}},"line":53},"7":{"name":"(anonymous_7)","decl":{"start":{"line":59,"column":29},"end":{"line":59,"column":30}},"loc":{"start":{"line":59,"column":43},"end":{"line":71,"column":3}},"line":59},"8":{"name":"(anonymous_8)","decl":{"start":{"line":60,"column":28},"end":{"line":60,"column":29}},"loc":{"start":{"line":60,"column":35},"end":{"line":60,"column":46}},"line":60},"9":{"name":"(anonymous_9)","decl":{"start":{"line":64,"column":25},"end":{"line":64,"column":26}},"loc":{"start":{"line":64,"column":36},"end":{"line":64,"column":72}},"line":64},"10":{"name":"(anonymous_10)","decl":{"start":{"line":67,"column":17},"end":{"line":67,"column":18}},"loc":{"start":{"line":67,"column":23},"end":{"line":69,"column":7}},"line":67},"11":{"name":"(anonymous_11)","decl":{"start":{"line":73,"column":22},"end":{"line":73,"column":23}},"loc":{"start":{"line":73,"column":39},"end":{"line":91,"column":3}},"line":73},"12":{"name":"(anonymous_12)","decl":{"start":{"line":89,"column":17},"end":{"line":89,"column":18}},"loc":{"start":{"line":89,"column":23},"end":{"line":89,"column":44}},"line":89},"13":{"name":"(anonymous_13)","decl":{"start":{"line":93,"column":23},"end":{"line":93,"column":24}},"loc":{"start":{"line":93,"column":29},"end":{"line":96,"column":3}},"line":93},"14":{"name":"(anonymous_14)","decl":{"start":{"line":98,"column":20},"end":{"line":98,"column":21}},"loc":{"start":{"line":99,"column":4},"end":{"line":107,"column":16}},"line":99},"15":{"name":"(anonymous_15)","decl":{"start":{"line":103,"column":30},"end":{"line":103,"column":31}},"loc":{"start":{"line":103,"column":46},"end":{"line":103,"column":71}},"line":103},"16":{"name":"(anonymous_16)","decl":{"start":{"line":104,"column":30},"end":{"line":104,"column":31}},"loc":{"start":{"line":104,"column":46},"end":{"line":104,"column":71}},"line":104},"17":{"name":"(anonymous_17)","decl":{"start":{"line":110,"column":19},"end":{"line":110,"column":20}},"loc":{"start":{"line":111,"column":4},"end":{"line":113,"column":16}},"line":111},"18":{"name":"(anonymous_18)","decl":{"start":{"line":116,"column":53},"end":{"line":116,"column":54}},"loc":{"start":{"line":116,"column":63},"end":{"line":116,"column":77}},"line":116},"19":{"name":"(anonymous_19)","decl":{"start":{"line":138,"column":25},"end":{"line":138,"column":26}},"loc":{"start":{"line":138,"column":31},"end":{"line":138,"column":51}},"line":138},"20":{"name":"(anonymous_20)","decl":{"start":{"line":143,"column":25},"end":{"line":143,"column":26}},"loc":{"start":{"line":144,"column":10},"end":{"line":148,"column":12}},"line":144},"21":{"name":"(anonymous_21)","decl":{"start":{"line":147,"column":30},"end":{"line":147,"column":31}},"loc":{"start":{"line":147,"column":36},"end":{"line":147,"column":63}},"line":147}},"branchMap":{"0":{"loc":{"start":{"line":33,"column":4},"end":{"line":37,"column":5}},"type":"if","locations":[{"start":{"line":33,"column":4},"end":{"line":37,"column":5}},{"start":{},"end":{}}],"line":33},"1":{"loc":{"start":{"line":50,"column":10},"end":{"line":50,"column":43}},"type":"binary-expr","locations":[{"start":{"line":50,"column":10},"end":{"line":50,"column":35}},{"start":{"line":50,"column":39},"end":{"line":50,"column":43}}],"line":50},"2":{"loc":{"start":{"line":64,"column":36},"end":{"line":64,"column":72}},"type":"cond-expr","locations":[{"start":{"line":64,"column":53},"end":{"line":64,"column":57}},{"start":{"line":64,"column":60},"end":{"line":64,"column":72}}],"line":64},"3":{"loc":{"start":{"line":116,"column":22},"end":{"line":116,"column":78}},"type":"cond-expr","locations":[{"start":{"line":116,"column":32},"end":{"line":116,"column":37}},{"start":{"line":116,"column":40},"end":{"line":116,"column":78}}],"line":116},"4":{"loc":{"start":{"line":123,"column":7},"end":{"line":135,"column":7}},"type":"cond-expr","locations":[{"start":{"line":124,"column":8},"end":{"line":124,"column":19}},{"start":{"line":126,"column":8},"end":{"line":134,"column":14}}],"line":123},"5":{"loc":{"start":{"line":139,"column":16},"end":{"line":139,"column":45}},"type":"cond-expr","locations":[{"start":{"line":139,"column":26},"end":{"line":139,"column":37}},{"start":{"line":139,"column":40},"end":{"line":139,"column":45}}],"line":139}},"s":{"0":0,"1":0,"2":0,"3":0,"4":0,"5":0,"6":0,"7":0,"8":0,"9":0,"10":0,"11":0,"12":0,"13":0,"14":0,"15":0,"16":0,"17":0,"18":0,"19":0,"20":0,"21":0,"22":0,"23":0,"24":0,"25":0,"26":0,"27":0,"28":0,"29":0,"30":0,"31":0,"32":0,"33":0,"34":0,"35":0,"36":0,"37":0,"38":0,"39":0,"40":0,"41":0,"42":0,"43":0,"44":0,"45":0,"46":0,"47":0,"48":0,"49":0,"50":0,"51":0,"52":0,"53":0,"54":0,"55":0,"56":0,"57":0,"58":0,"59":0,"60":0,"61":0,"62":0,"63":0,"64":0,"65":0},"f":{"0":0,"1":0,"2":0,"3":0,"4":0,"5":0,"6":0,"7":0,"8":0,"9":0,"10":0,"11":0,"12":0,"13":0,"14":0,"15":0,"16":0,"17":0,"18":0,"19":0,"20":0,"21":0},"b":{"0":[0,0],"1":[0,0],"2":[0,0],"3":[0,0],"4":[0,0],"5":[0,0]}}
,"D:\\PORTOFOLIO\\courses\\fullstack-university-of-helsinki\\part2\\notes\\src\\main.jsx": {"path":"D:\\PORTOFOLIO\\courses\\fullstack-university-of-helsinki\\part2\\notes\\src\\main.jsx","statementMap":{"0":{"start":{"line":5,"column":0},"end":{"line":5,"column":69}}},"fnMap":{},"branchMap":{},"s":{"0":0},"f":{},"b":{}}
,"D:\\PORTOFOLIO\\courses\\fullstack-university-of-helsinki\\part2\\notes\\src\\components\\Footer.jsx": {"path":"D:\\PORTOFOLIO\\courses\\fullstack-university-of-helsinki\\part2\\notes\\src\\components\\Footer.jsx","statementMap":{"0":{"start":{"line":1,"column":15},"end":{"line":16,"column":1}},"1":{"start":{"line":2,"column":22},"end":{"line":6,"column":3}},"2":{"start":{"line":8,"column":2},"end":{"line":15,"column":4}}},"fnMap":{"0":{"name":"(anonymous_0)","decl":{"start":{"line":1,"column":15},"end":{"line":1,"column":16}},"loc":{"start":{"line":1,"column":21},"end":{"line":16,"column":1}},"line":1}},"branchMap":{},"s":{"0":0,"1":0,"2":0},"f":{"0":0},"b":{}}
,"D:\\PORTOFOLIO\\courses\\fullstack-university-of-helsinki\\part2\\notes\\src\\components\\LoginForm.jsx": {"path":"D:\\PORTOFOLIO\\courses\\fullstack-university-of-helsinki\\part2\\notes\\src\\components\\LoginForm.jsx","statementMap":{"0":{"start":{"line":3,"column":18},"end":{"line":31,"column":1}},"1":{"start":{"line":10,"column":2},"end":{"line":30,"column":4}},"2":{"start":{"line":33,"column":0},"end":{"line":39,"column":2}}},"fnMap":{"0":{"name":"(anonymous_0)","decl":{"start":{"line":3,"column":18},"end":{"line":3,"column":19}},"loc":{"start":{"line":9,"column":6},"end":{"line":31,"column":1}},"line":9}},"branchMap":{},"s":{"0":0,"1":0,"2":0},"f":{"0":0},"b":{}}
,"D:\\PORTOFOLIO\\courses\\fullstack-university-of-helsinki\\part2\\notes\\src\\components\\Note.jsx": {"path":"D:\\PORTOFOLIO\\courses\\fullstack-university-of-helsinki\\part2\\notes\\src\\components\\Note.jsx","statementMap":{"0":{"start":{"line":1,"column":13},"end":{"line":10,"column":1}},"1":{"start":{"line":2,"column":16},"end":{"line":2,"column":72}},"2":{"start":{"line":4,"column":2},"end":{"line":9,"column":4}}},"fnMap":{"0":{"name":"(anonymous_0)","decl":{"start":{"line":1,"column":13},"end":{"line":1,"column":14}},"loc":{"start":{"line":1,"column":45},"end":{"line":10,"column":1}},"line":1}},"branchMap":{"0":{"loc":{"start":{"line":2,"column":16},"end":{"line":2,"column":72}},"type":"cond-expr","locations":[{"start":{"line":2,"column":33},"end":{"line":2,"column":53}},{"start":{"line":2,"column":56},"end":{"line":2,"column":72}}],"line":2}},"s":{"0":1,"1":4,"2":4},"f":{"0":4},"b":{"0":[4,0]},"_coverageSchema":"1a1c01bbd47fc00a2c39e90264f33305004495a9","hash":"8ddec5cbe6cbaa1b71efb94091443d343aecbf30"}
,"D:\\PORTOFOLIO\\courses\\fullstack-university-of-helsinki\\part2\\notes\\src\\components\\NoteForm.jsx": {"path":"D:\\PORTOFOLIO\\courses\\fullstack-university-of-helsinki\\part2\\notes\\src\\components\\NoteForm.jsx","statementMap":{"0":{"start":{"line":3,"column":17},"end":{"line":33,"column":1}},"1":{"start":{"line":4,"column":32},"end":{"line":4,"column":44}},"2":{"start":{"line":6,"column":23},"end":{"line":8,"column":3}},"3":{"start":{"line":7,"column":4},"end":{"line":7,"column":35}},"4":{"start":{"line":10,"column":18},"end":{"line":18,"column":3}},"5":{"start":{"line":11,"column":4},"end":{"line":11,"column":27}},"6":{"start":{"line":12,"column":4},"end":{"line":15,"column":7}},"7":{"start":{"line":17,"column":4},"end":{"line":17,"column":19}},"8":{"start":{"line":20,"column":2},"end":{"line":32,"column":4}}},"fnMap":{"0":{"name":"(anonymous_0)","decl":{"start":{"line":3,"column":17},"end":{"line":3,"column":18}},"loc":{"start":{"line":3,"column":37},"end":{"line":33,"column":1}},"line":3},"1":{"name":"(anonymous_1)","decl":{"start":{"line":6,"column":23},"end":{"line":6,"column":24}},"loc":{"start":{"line":6,"column":34},"end":{"line":8,"column":3}},"line":6},"2":{"name":"(anonymous_2)","decl":{"start":{"line":10,"column":18},"end":{"line":10,"column":19}},"loc":{"start":{"line":10,"column":29},"end":{"line":18,"column":3}},"line":10}},"branchMap":{},"s":{"0":1,"1":19,"2":19,"3":17,"4":19,"5":1,"6":1,"7":1,"8":19},"f":{"0":19,"1":17,"2":1},"b":{},"_coverageSchema":"1a1c01bbd47fc00a2c39e90264f33305004495a9","hash":"42f9abfa037879991fa6a7458daea6ecb4e3bfdc"}
,"D:\\PORTOFOLIO\\courses\\fullstack-university-of-helsinki\\part2\\notes\\src\\components\\Notification.jsx": {"path":"D:\\PORTOFOLIO\\courses\\fullstack-university-of-helsinki\\part2\\notes\\src\\components\\Notification.jsx","statementMap":{"0":{"start":{"line":1,"column":21},"end":{"line":7,"column":1}},"1":{"start":{"line":2,"column":2},"end":{"line":4,"column":3}},"2":{"start":{"line":3,"column":4},"end":{"line":3,"column":16}},"3":{"start":{"line":6,"column":2},"end":{"line":6,"column":48}}},"fnMap":{"0":{"name":"(anonymous_0)","decl":{"start":{"line":1,"column":21},"end":{"line":1,"column":22}},"loc":{"start":{"line":1,"column":38},"end":{"line":7,"column":1}},"line":1}},"branchMap":{"0":{"loc":{"start":{"line":2,"column":2},"end":{"line":4,"column":3}},"type":"if","locations":[{"start":{"line":2,"column":2},"end":{"line":4,"column":3}},{"start":{},"end":{}}],"line":2}},"s":{"0":0,"1":0,"2":0,"3":0},"f":{"0":0},"b":{"0":[0,0]}}
,"D:\\PORTOFOLIO\\courses\\fullstack-university-of-helsinki\\part2\\notes\\src\\components\\Togglable.jsx": {"path":"D:\\PORTOFOLIO\\courses\\fullstack-university-of-helsinki\\part2\\notes\\src\\components\\Togglable.jsx","statementMap":{"0":{"start":{"line":4,"column":18},"end":{"line":31,"column":2}},"1":{"start":{"line":5,"column":32},"end":{"line":5,"column":47}},"2":{"start":{"line":7,"column":26},"end":{"line":7,"column":60}},"3":{"start":{"line":8,"column":26},"end":{"line":8,"column":60}},"4":{"start":{"line":10,"column":27},"end":{"line":12,"column":3}},"5":{"start":{"line":11,"column":4},"end":{"line":11,"column":25}},"6":{"start":{"line":14,"column":2},"end":{"line":18,"column":5}},"7":{"start":{"line":15,"column":4},"end":{"line":17,"column":6}},"8":{"start":{"line":20,"column":2},"end":{"line":30,"column":4}},"9":{"start":{"line":33,"column":0},"end":{"line":33,"column":36}},"10":{"start":{"line":35,"column":0},"end":{"line":37,"column":2}}},"fnMap":{"0":{"name":"(anonymous_0)","decl":{"start":{"line":4,"column":29},"end":{"line":4,"column":30}},"loc":{"start":{"line":4,"column":46},"end":{"line":31,"column":1}},"line":4},"1":{"name":"(anonymous_1)","decl":{"start":{"line":10,"column":27},"end":{"line":10,"column":28}},"loc":{"start":{"line":10,"column":33},"end":{"line":12,"column":3}},"line":10},"2":{"name":"(anonymous_2)","decl":{"start":{"line":14,"column":28},"end":{"line":14,"column":29}},"loc":{"start":{"line":14,"column":34},"end":{"line":18,"column":3}},"line":14}},"branchMap":{"0":{"loc":{"start":{"line":7,"column":37},"end":{"line":7,"column":58}},"type":"cond-expr","locations":[{"start":{"line":7,"column":47},"end":{"line":7,"column":53}},{"start":{"line":7,"column":56},"end":{"line":7,"column":58}}],"line":7},"1":{"loc":{"start":{"line":8,"column":37},"end":{"line":8,"column":58}},"type":"cond-expr","locations":[{"start":{"line":8,"column":47},"end":{"line":8,"column":49}},{"start":{"line":8,"column":52},"end":{"line":8,"column":58}}],"line":8}},"s":{"0":1,"1":4,"2":4,"3":4,"4":4,"5":1,"6":4,"7":0,"8":4,"9":1,"10":1},"f":{"0":4,"1":1,"2":0},"b":{"0":[1,3],"1":[1,3]},"_coverageSchema":"1a1c01bbd47fc00a2c39e90264f33305004495a9","hash":"a5d1adbd82dd408f15a825087ffadf3bac503d55"}
,"D:\\PORTOFOLIO\\courses\\fullstack-university-of-helsinki\\part2\\notes\\src\\services\\login.js": {"path":"D:\\PORTOFOLIO\\courses\\fullstack-university-of-helsinki\\part2\\notes\\src\\services\\login.js","statementMap":{"0":{"start":{"line":2,"column":16},"end":{"line":2,"column":28}},"1":{"start":{"line":4,"column":14},"end":{"line":7,"column":1}},"2":{"start":{"line":5,"column":19},"end":{"line":5,"column":57}},"3":{"start":{"line":6,"column":2},"end":{"line":6,"column":23}}},"fnMap":{"0":{"name":"(anonymous_0)","decl":{"start":{"line":4,"column":14},"end":{"line":4,"column":15}},"loc":{"start":{"line":4,"column":37},"end":{"line":7,"column":1}},"line":4}},"branchMap":{},"s":{"0":0,"1":0,"2":0,"3":0},"f":{"0":0},"b":{}}
,"D:\\PORTOFOLIO\\courses\\fullstack-university-of-helsinki\\part2\\notes\\src\\services\\notes.js": {"path":"D:\\PORTOFOLIO\\courses\\fullstack-university-of-helsinki\\part2\\notes\\src\\services\\notes.js","statementMap":{"0":{"start":{"line":2,"column":16},"end":{"line":2,"column":28}},"1":{"start":{"line":4,"column":12},"end":{"line":4,"column":16}},"2":{"start":{"line":6,"column":17},"end":{"line":8,"column":1}},"3":{"start":{"line":7,"column":2},"end":{"line":7,"column":31}},"4":{"start":{"line":10,"column":15},"end":{"line":19,"column":1}},"5":{"start":{"line":11,"column":18},"end":{"line":11,"column":36}},"6":{"start":{"line":12,"column":22},"end":{"line":16,"column":3}},"7":{"start":{"line":17,"column":19},"end":{"line":17,"column":32}},"8":{"start":{"line":18,"column":2},"end":{"line":18,"column":43}},"9":{"start":{"line":21,"column":15},"end":{"line":28,"column":1}},"10":{"start":{"line":22,"column":17},"end":{"line":24,"column":3}},"11":{"start":{"line":25,"column":18},"end":{"line":25,"column":56}},"12":{"start":{"line":26,"column":19},"end":{"line":26,"column":32}},"13":{"start":{"line":27,"column":2},"end":{"line":27,"column":23}},"14":{"start":{"line":30,"column":15},"end":{"line":34,"column":1}},"15":{"start":{"line":31,"column":18},"end":{"line":31,"column":58}},"16":{"start":{"line":32,"column":19},"end":{"line":32,"column":32}},"17":{"start":{"line":33,"column":2},"end":{"line":33,"column":23}}},"fnMap":{"0":{"name":"(anonymous_0)","decl":{"start":{"line":6,"column":17},"end":{"line":6,"column":18}},"loc":{"start":{"line":6,"column":31},"end":{"line":8,"column":1}},"line":6},"1":{"name":"(anonymous_1)","decl":{"start":{"line":10,"column":15},"end":{"line":10,"column":16}},"loc":{"start":{"line":10,"column":27},"end":{"line":19,"column":1}},"line":10},"2":{"name":"(anonymous_2)","decl":{"start":{"line":21,"column":15},"end":{"line":21,"column":16}},"loc":{"start":{"line":21,"column":36},"end":{"line":28,"column":1}},"line":21},"3":{"name":"(anonymous_3)","decl":{"start":{"line":30,"column":15},"end":{"line":30,"column":16}},"loc":{"start":{"line":30,"column":40},"end":{"line":34,"column":1}},"line":30}},"branchMap":{},"s":{"0":0,"1":0,"2":0,"3":0,"4":0,"5":0,"6":0,"7":0,"8":0,"9":0,"10":0,"11":0,"12":0,"13":0,"14":0,"15":0,"16":0,"17":0},"f":{"0":0,"1":0,"2":0,"3":0},"b":{}}
}
